###############################################################################
#                                                                             #
# IAR ANSI C/C++ Compiler V6.10.2.52244/W32 for ARM     04/Dec/2013  10:58:06 #
# Copyright 1999-2010 IAR Systems AB.                                         #
#                                                                             #
#    Cpu mode     =  thumb                                                    #
#    Endian       =  little                                                   #
#    Source file  =  D:\work\行标产品\改进版一体机\源程序\改进型EGS701-1\改进 #
#                    型EGS701-1\STM32F2xx_Boot_V1.62\STM32F2xx_Boot_130815_IA #
#                    R6.1\STM32_Boot\src\memery.c                             #
#    Command line =  D:\work\行标产品\改进版一体机\源程序\改进型EGS701-1\改进 #
#                    型EGS701-1\STM32F2xx_Boot_V1.62\STM32F2xx_Boot_130815_IA #
#                    R6.1\STM32_Boot\src\memery.c -D STM32F10X_CL -D          #
#                    USE_STDPERIPH_DRIVER -lcN D:\work\行标产品\改进版一体机\ #
#                    源程序\改进型EGS701-1\改进型EGS701-1\STM32F2xx_Boot_V1.6 #
#                    2\STM32F2xx_Boot_130815_IAR6.1\STM32_Boot\EWARM\Debug\Li #
#                    st\ -lb D:\work\行标产品\改进版一体机\源程序\改进型EGS70 #
#                    1-1\改进型EGS701-1\STM32F2xx_Boot_V1.62\STM32F2xx_Boot_1 #
#                    30815_IAR6.1\STM32_Boot\EWARM\Debug\List\ -o             #
#                    D:\work\行标产品\改进版一体机\源程序\改进型EGS701-1\改进 #
#                    型EGS701-1\STM32F2xx_Boot_V1.62\STM32F2xx_Boot_130815_IA #
#                    R6.1\STM32_Boot\EWARM\Debug\Obj\ --no_cse --no_unroll    #
#                    --no_inline --no_code_motion --no_tbaa --no_clustering   #
#                    --no_scheduling --debug --endian=little --cpu=Cortex-M3  #
#                    -e --warnings_are_errors --fpu=None --dlib_config        #
#                    E:\SoftwareInstall\arm\INC\c\DLib_Config_Normal.h -I     #
#                    D:\work\行标产品\改进版一体机\源程序\改进型EGS701-1\改进 #
#                    型EGS701-1\STM32F2xx_Boot_V1.62\STM32F2xx_Boot_130815_IA #
#                    R6.1\STM32_Boot\EWARM\..\inc\ -I                         #
#                    D:\work\行标产品\改进版一体机\源程序\改进型EGS701-1\改进 #
#                    型EGS701-1\STM32F2xx_Boot_V1.62\STM32F2xx_Boot_130815_IA #
#                    R6.1\STM32_Boot\EWARM\..\CMSIS\CM3\CoreSupport\ -I       #
#                    D:\work\行标产品\改进版一体机\源程序\改进型EGS701-1\改进 #
#                    型EGS701-1\STM32F2xx_Boot_V1.62\STM32F2xx_Boot_130815_IA #
#                    R6.1\STM32_Boot\EWARM\..\STM32F2xx_StdPeriph_Driver\inc\ #
#                     -I D:\work\行标产品\改进版一体机\源程序\改进型EGS701-1\ #
#                    改进型EGS701-1\STM32F2xx_Boot_V1.62\STM32F2xx_Boot_13081 #
#                    5_IAR6.1\STM32_Boot\EWARM\..\CMSIS\CM3\DeviceSupport\ST\ #
#                    STM32F2xx\ -On --use_c++_inline                          #
#    List file    =  D:\work\行标产品\改进版一体机\源程序\改进型EGS701-1\改进 #
#                    型EGS701-1\STM32F2xx_Boot_V1.62\STM32F2xx_Boot_130815_IA #
#                    R6.1\STM32_Boot\EWARM\Debug\List\memery.lst              #
#    Object file  =  D:\work\行标产品\改进版一体机\源程序\改进型EGS701-1\改进 #
#                    型EGS701-1\STM32F2xx_Boot_V1.62\STM32F2xx_Boot_130815_IA #
#                    R6.1\STM32_Boot\EWARM\Debug\Obj\memery.o                 #
#                                                                             #
#                                                                             #
###############################################################################

D:\work\行标产品\改进版一体机\源程序\改进型EGS701-1\改进型EGS701-1\STM32F2xx_Boot_V1.62\STM32F2xx_Boot_130815_IAR6.1\STM32_Boot\src\memery.c
      1          /*****************************************************************************
      2          *
      3          * Copyright (c) 2011,深圳市伊爱高新技术开发有限公司
      4          * All rights reserved.
      5          *
      6          * 文件名称 : memery.c
      7          * 功能     :  板上存储器件的处理 ，包含93C86、AT25DF321及片内FLASH
      8          *
      9          * 当前版本 : 1.0
     10          * 开发者   : wangj
     11          * 修改时间 : 2011年6月20日
     12          *
     13          * 历史版本 :
     14          * 开发者   :
     15          * 完成时间 :
     16          *
     17          * 备注 :
     18          *******************************************************************************/
     19          /* Includes ------------------------------------------------------------------*/
     20          #include "config.h"
     21          #include "stm32f2xx_lib.h"
     22          #include "memery.h"
     23          /* Private functions ---------------------------------------------------------*/
     24          //--------------------------------internal Flash-----------------------------------
     25          
     26          bool WriteToMemory(u32 Add_Flash, u8 *src, u16 NumByteToWrite)
     27          {
     28              u16 WriteCounter = 0;
     29              u16 Number_Bytes_Transferred = 0;
     30          	u8 *ptr;
     31          	
     32          	Number_Bytes_Transferred = NumByteToWrite;
     33          	ptr = src;
     34          	//写数据
     35              for (WriteCounter=0; (WriteCounter < (Number_Bytes_Transferred)/2); WriteCounter++) {
     36          		FLASH_ProgramHalfWord(Add_Flash + WriteCounter * 2, *((u16*)ptr + WriteCounter));
     37              }
     38              //比较数据
     39              for (WriteCounter=0; (WriteCounter < (Number_Bytes_Transferred)/2); WriteCounter++){
     40                  if (*((u16*)Add_Flash + WriteCounter) != *((u16*)ptr + WriteCounter))
     41                      return FALSE;
     42              }
     43              
     44              return TRUE;
     45          }
     46          
     47          ////CRC-CCITT校验
     48          //u16 CrcCheck(u8 *pDataBuf, u16 DataLen)
     49          //{
     50          //	u16  CrcValue, n;
     51          //	u8   i;
     52          //
     53          //	CrcValue = 0xFFFF;
     54          //	for (n=0; n<DataLen; n++) {
     55          //		for (i = 0x80; i != 0; i /= 2) {
     56          //		    if ((CrcValue & 0x8000) != 0){
     57          //			    CrcValue *= 2;
     58          //				CrcValue ^= 0x1021;
     59          //			} else { CrcValue *= 2; }
     60          //			
     61          //		    if((pDataBuf[n] & i) != 0)
     62          //			    CrcValue ^= 0x1021;
     63          //		}
     64          //	}
     65          //
     66          //	return CrcValue;
     67          //}
     68          /***************************************END OF FILE********************************/
     69          

   Maximum stack usage in bytes:

     Function      .cstack
     --------      -------
     WriteToMemory     32


   Section sizes:

     Function/Label Bytes
     -------------- -----
     WriteToMemory   110

 
 110 bytes in section .text
 
 110 bytes of CODE memory

Errors: none
Warnings: none
